# JRE version: OpenJDK Runtime Environment GraalVM CE 22.3.0 (17.0.5+8) (build 17.0.5+8-jvmci-22.3-b08)
# Java VM: OpenJDK 64-Bit Server VM GraalVM CE 22.3.0 (17.0.5+8-jvmci-22.3-b08, mixed mode, sharing, tiered, jvmci, jvmci compiler, compressed oops, compressed class ptrs, parallel gc, linux-amd64)
GC Precious Log:
 CPUs: 8 total, 1 available
 Memory: 1024M
 Large Page Support: Disabled
 NUMA Support: Disabled
 Compressed Oops: Enabled (32-bit)
 Alignments: Space 512K, Generation 512K, Heap 2M
 Heap Min Capacity: 100M
 Heap Initial Capacity: 100M
 Heap Max Capacity: 512M
 Pre-touch: Disabled
 Parallel Workers: 1
Heap:
 PSYoungGen      total 58880K, used 29262K [0x00000000f5580000, 0x00000000fb980000, 0x0000000100000000)
  eden space 26624K, 99% used [0x00000000f5580000,0x00000000f6f7fff8,0x00000000f6f80000)
  from space 32256K, 8% used [0x00000000f6f80000,0x00000000f7213ad0,0x00000000f8f00000)
  to   space 36352K, 0% used [0x00000000f9600000,0x00000000f9600000,0x00000000fb980000)
 ParOldGen       total 349696K, used 349695K [0x00000000e0000000, 0x00000000f5580000, 0x00000000f5580000)
  object space 349696K, 99% used [0x00000000e0000000,0x00000000f557ffe8,0x00000000f5580000)
 Metaspace       used 55304K, committed 56128K, reserved 1105920K
  class space    used 5536K, committed 5888K, reserved 1048576K
GC Heap History (20 events):
Event: 1519.572 GC heap before
{Heap before GC invocations=1302 (full 1175):
 PSYoungGen      total 58880K, used 29263K [0x00000000f5580000, 0x00000000fb980000, 0x0000000100000000)
  eden space 26624K, 100% used [0x00000000f5580000,0x00000000f6f80000,0x00000000f6f80000)
  from space 32256K, 8% used [0x00000000f6f80000,0x00000000f7213c50,0x00000000f8f00000)
  to   space 36352K, 0% used [0x00000000f9600000,0x00000000f9600000,0x00000000fb980000)
 ParOldGen       total 349696K, used 349693K [0x00000000e0000000, 0x00000000f5580000, 0x00000000f5580000)
  object space 349696K, 99% used [0x00000000e0000000,0x00000000f557f680,0x00000000f5580000)
 Metaspace       used 55304K, committed 56128K, reserved 1105920K
  class space    used 5536K, committed 5888K, reserved 1048576K
}
Event: 1520.858 GC heap after
{Heap after GC invocations=1302 (full 1175):
 PSYoungGen      total 58880K, used 29262K [0x00000000f5580000, 0x00000000fb980000, 0x0000000100000000)
  eden space 26624K, 99% used [0x00000000f5580000,0x00000000f6f7ff88,0x00000000f6f80000)
  from space 32256K, 8% used [0x00000000f6f80000,0x00000000f7213c50,0x00000000f8f00000)
  to   space 36352K, 0% used [0x00000000f9600000,0x00000000f9600000,0x00000000fb980000)
 ParOldGen       total 349696K, used 349691K [0x00000000e0000000, 0x00000000f5580000, 0x00000000f5580000)
  object space 349696K, 99% used [0x00000000e0000000,0x00000000f557ed30,0x00000000f5580000)
 Metaspace       used 55304K, committed 56128K, reserved 1105920K
  class space    used 5536K, committed 5888K, reserved 1048576K
}
Event: 1520.864 GC heap before
{Heap before GC invocations=1303 (full 1176):
 PSYoungGen      total 58880K, used 29263K [0x00000000f5580000, 0x00000000fb980000, 0x0000000100000000)
  eden space 26624K, 99% used [0x00000000f5580000,0x00000000f6f7fff8,0x00000000f6f80000)
  from space 32256K, 8% used [0x00000000f6f80000,0x00000000f7213c50,0x00000000f8f00000)
  to   space 36352K, 0% used [0x00000000f9600000,0x00000000f9600000,0x00000000fb980000)
 ParOldGen       total 349696K, used 349693K [0x00000000e0000000, 0x00000000f5580000, 0x00000000f5580000)
  object space 349696K, 99% used [0x00000000e0000000,0x00000000f557f490,0x00000000f5580000)
 Metaspace       used 55304K, committed 56128K, reserved 1105920K
  class space    used 5536K, committed 5888K, reserved 1048576K
}
Event: 1522.271 GC heap after
{Heap after GC invocations=1303 (full 1176):
 PSYoungGen      total 58880K, used 29263K [0x00000000f5580000, 0x00000000fb980000, 0x0000000100000000)
  eden space 26624K, 99% used [0x00000000f5580000,0x00000000f6f7ffe0,0x00000000f6f80000)
  from space 32256K, 8% used [0x00000000f6f80000,0x00000000f7213c50,0x00000000f8f00000)
  to   space 36352K, 0% used [0x00000000f9600000,0x00000000f9600000,0x00000000fb980000)
 ParOldGen       total 349696K, used 349691K [0x00000000e0000000, 0x00000000f5580000, 0x00000000f5580000)
  object space 349696K, 99% used [0x00000000e0000000,0x00000000f557ef18,0x00000000f5580000)
 Metaspace       used 55304K, committed 56128K, reserved 1105920K
  class space    used 5536K, committed 5888K, reserved 1048576K
}
Event: 1522.271 GC heap before
{Heap before GC invocations=1304 (full 1177):
 PSYoungGen      total 58880K, used 29263K [0x00000000f5580000, 0x00000000fb980000, 0x0000000100000000)
  eden space 26624K, 99% used [0x00000000f5580000,0x00000000f6f7ffe0,0x00000000f6f80000)
  from space 32256K, 8% used [0x00000000f6f80000,0x00000000f7213c50,0x00000000f8f00000)
  to   space 36352K, 0% used [0x00000000f9600000,0x00000000f9600000,0x00000000fb980000)
 ParOldGen       total 349696K, used 349691K [0x00000000e0000000, 0x00000000f5580000, 0x00000000f5580000)
  object space 349696K, 99% used [0x00000000e0000000,0x00000000f557ef18,0x00000000f5580000)
 Metaspace       used 55304K, committed 56128K, reserved 1105920K
  class space    used 5536K, committed 5888K, reserved 1048576K
}
Event: 1523.558 GC heap after
{Heap after GC invocations=1304 (full 1177):
 PSYoungGen      total 58880K, used 29263K [0x00000000f5580000, 0x00000000fb980000, 0x0000000100000000)
  eden space 26624K, 99% used [0x00000000f5580000,0x00000000f6f7ffe0,0x00000000f6f80000)
  from space 32256K, 8% used [0x00000000f6f80000,0x00000000f7213c50,0x00000000f8f00000)
  to   space 36352K, 0% used [0x00000000f9600000,0x00000000f9600000,0x00000000fb980000)
 ParOldGen       total 349696K, used 349691K [0x00000000e0000000, 0x00000000f5580000, 0x00000000f5580000)
  object space 349696K, 99% used [0x00000000e0000000,0x00000000f557eeb8,0x00000000f5580000)
 Metaspace       used 55304K, committed 56128K, reserved 1105920K
  class space    used 5536K, committed 5888K, reserved 1048576K
}
Event: 1523.559 GC heap before
{Heap before GC invocations=1305 (full 1178):
 PSYoungGen      total 58880K, used 29263K [0x00000000f5580000, 0x00000000fb980000, 0x0000000100000000)
  eden space 26624K, 99% used [0x00000000f5580000,0x00000000f6f7fff8,0x00000000f6f80000)
  from space 32256K, 8% used [0x00000000f6f80000,0x00000000f7213c50,0x00000000f8f00000)
  to   space 36352K, 0% used [0x00000000f9600000,0x00000000f9600000,0x00000000fb980000)
 ParOldGen       total 349696K, used 349692K [0x00000000e0000000, 0x00000000f5580000, 0x00000000f5580000)
  object space 349696K, 99% used [0x00000000e0000000,0x00000000f557f0f8,0x00000000f5580000)
 Metaspace       used 55304K, committed 56128K, reserved 1105920K
  class space    used 5536K, committed 5888K, reserved 1048576K
}
Event: 1524.991 GC heap after
{Heap after GC invocations=1305 (full 1178):
 PSYoungGen      total 58880K, used 29263K [0x00000000f5580000, 0x00000000fb980000, 0x0000000100000000)
  eden space 26624K, 99% used [0x00000000f5580000,0x00000000f6f7ffc8,0x00000000f6f80000)
  from space 32256K, 8% used [0x00000000f6f80000,0x00000000f7213c50,0x00000000f8f00000)
  to   space 36352K, 0% used [0x00000000f9600000,0x00000000f9600000,0x00000000fb980000)
 ParOldGen       total 349696K, used 349691K [0x00000000e0000000, 0x00000000f5580000, 0x00000000f5580000)
  object space 349696K, 99% used [0x00000000e0000000,0x00000000f557ef40,0x00000000f5580000)
 Metaspace       used 55304K, committed 56128K, reserved 1105920K
  class space    used 5536K, committed 5888K, reserved 1048576K
}
Event: 1524.991 GC heap before
{Heap before GC invocations=1306 (full 1179):
 PSYoungGen      total 58880K, used 29263K [0x00000000f5580000, 0x00000000fb980000, 0x0000000100000000)
  eden space 26624K, 99% used [0x00000000f5580000,0x00000000f6f7fff8,0x00000000f6f80000)
  from space 32256K, 8% used [0x00000000f6f80000,0x00000000f7213c50,0x00000000f8f00000)
  to   space 36352K, 0% used [0x00000000f9600000,0x00000000f9600000,0x00000000fb980000)
 ParOldGen       total 349696K, used 349691K [0x00000000e0000000, 0x00000000f5580000, 0x00000000f5580000)
  object space 349696K, 99% used [0x00000000e0000000,0x00000000f557ef40,0x00000000f5580000)
 Metaspace       used 55304K, committed 56128K, reserved 1105920K
  class space    used 5536K, committed 5888K, reserved 1048576K
}
Event: 1526.569 GC heap after
{Heap after GC invocations=1306 (full 1179):
 PSYoungGen      total 58880K, used 29263K [0x00000000f5580000, 0x00000000fb980000, 0x0000000100000000)
  eden space 26624K, 99% used [0x00000000f5580000,0x00000000f6f7fff8,0x00000000f6f80000)
  from space 32256K, 8% used [0x00000000f6f80000,0x00000000f7213c50,0x00000000f8f00000)
  to   space 36352K, 0% used [0x00000000f9600000,0x00000000f9600000,0x00000000fb980000)
 ParOldGen       total 349696K, used 349691K [0x00000000e0000000, 0x00000000f5580000, 0x00000000f5580000)
  object space 349696K, 99% used [0x00000000e0000000,0x00000000f557ef40,0x00000000f5580000)
 Metaspace       used 55304K, committed 56128K, reserved 1105920K
  class space    used 5536K, committed 5888K, reserved 1048576K
}
Event: 1526.574 GC heap before
{Heap before GC invocations=1307 (full 1180):
 PSYoungGen      total 58880K, used 29263K [0x00000000f5580000, 0x00000000fb980000, 0x0000000100000000)
  eden space 26624K, 99% used [0x00000000f5580000,0x00000000f6f7fff8,0x00000000f6f80000)
  from space 32256K, 8% used [0x00000000f6f80000,0x00000000f7213c50,0x00000000f8f00000)
  to   space 36352K, 0% used [0x00000000f9600000,0x00000000f9600000,0x00000000fb980000)
 ParOldGen       total 349696K, used 349694K [0x00000000e0000000, 0x00000000f5580000, 0x00000000f5580000)
  object space 349696K, 99% used [0x00000000e0000000,0x00000000f557f8d8,0x00000000f5580000)
 Metaspace       used 55304K, committed 56128K, reserved 1105920K
  class space    used 5536K, committed 5888K, reserved 1048576K
}
Event: 1527.847 GC heap after
{Heap after GC invocations=1307 (full 1180):
 PSYoungGen      total 58880K, used 29262K [0x00000000f5580000, 0x00000000fb980000, 0x0000000100000000)
  eden space 26624K, 99% used [0x00000000f5580000,0x00000000f6f7feb8,0x00000000f6f80000)
  from space 32256K, 8% used [0x00000000f6f80000,0x00000000f7213ba0,0x00000000f8f00000)
  to   space 36352K, 0% used [0x00000000f9600000,0x00000000f9600000,0x00000000fb980000)
 ParOldGen       total 349696K, used 349694K [0x00000000e0000000, 0x00000000f5580000, 0x00000000f5580000)
  object space 349696K, 99% used [0x00000000e0000000,0x00000000f557f870,0x00000000f5580000)
 Metaspace       used 55304K, committed 56128K, reserved 1105920K
  class space    used 5536K, committed 5888K, reserved 1048576K
}
Event: 1527.848 GC heap before
{Heap before GC invocations=1308 (full 1181):
 PSYoungGen      total 58880K, used 29262K [0x00000000f5580000, 0x00000000fb980000, 0x0000000100000000)
  eden space 26624K, 99% used [0x00000000f5580000,0x00000000f6f7fff8,0x00000000f6f80000)
  from space 32256K, 8% used [0x00000000f6f80000,0x00000000f7213ba0,0x00000000f8f00000)
  to   space 36352K, 0% used [0x00000000f9600000,0x00000000f9600000,0x00000000fb980000)
 ParOldGen       total 349696K, used 349694K [0x00000000e0000000, 0x00000000f5580000, 0x00000000f5580000)
  object space 349696K, 99% used [0x00000000e0000000,0x00000000f557f870,0x00000000f5580000)
 Metaspace       used 55304K, committed 56128K, reserved 1105920K
  class space    used 5536K, committed 5888K, reserved 1048576K
}
Event: 1529.062 GC heap after
{Heap after GC invocations=1308 (full 1181):
 PSYoungGen      total 58880K, used 29262K [0x00000000f5580000, 0x00000000fb980000, 0x0000000100000000)
  eden space 26624K, 99% used [0x00000000f5580000,0x00000000f6f7fff8,0x00000000f6f80000)
  from space 32256K, 8% used [0x00000000f6f80000,0x00000000f7213b38,0x00000000f8f00000)
  to   space 36352K, 0% used [0x00000000f9600000,0x00000000f9600000,0x00000000fb980000)
 ParOldGen       total 349696K, used 349694K [0x00000000e0000000, 0x00000000f5580000, 0x00000000f5580000)
  object space 349696K, 99% used [0x00000000e0000000,0x00000000f557f870,0x00000000f5580000)
 Metaspace       used 55304K, committed 56128K, reserved 1105920K
  class space    used 5536K, committed 5888K, reserved 1048576K
}
Event: 1529.062 GC heap before
{Heap before GC invocations=1309 (full 1182):
 PSYoungGen      total 58880K, used 29262K [0x00000000f5580000, 0x00000000fb980000, 0x0000000100000000)
  eden space 26624K, 99% used [0x00000000f5580000,0x00000000f6f7fff8,0x00000000f6f80000)
  from space 32256K, 8% used [0x00000000f6f80000,0x00000000f7213b38,0x00000000f8f00000)
  to   space 36352K, 0% used [0x00000000f9600000,0x00000000f9600000,0x00000000fb980000)
 ParOldGen       total 349696K, used 349695K [0x00000000e0000000, 0x00000000f5580000, 0x00000000f5580000)
  object space 349696K, 99% used [0x00000000e0000000,0x00000000f557fdd8,0x00000000f5580000)
 Metaspace       used 55304K, committed 56128K, reserved 1105920K
  class space    used 5536K, committed 5888K, reserved 1048576K
}
Event: 1530.145 GC heap after
{Heap after GC invocations=1309 (full 1182):
 PSYoungGen      total 58880K, used 29262K [0x00000000f5580000, 0x00000000fb980000, 0x0000000100000000)
  eden space 26624K, 99% used [0x00000000f5580000,0x00000000f6f7fff8,0x00000000f6f80000)
  from space 32256K, 8% used [0x00000000f6f80000,0x00000000f7213ad0,0x00000000f8f00000)
  to   space 36352K, 0% used [0x00000000f9600000,0x00000000f9600000,0x00000000fb980000)
 ParOldGen       total 349696K, used 349694K [0x00000000e0000000, 0x00000000f5580000, 0x00000000f5580000)
  object space 349696K, 99% used [0x00000000e0000000,0x00000000f557fa98,0x00000000f5580000)
 Metaspace       used 55304K, committed 56128K, reserved 1105920K
  class space    used 5536K, committed 5888K, reserved 1048576K
}
Event: 1530.146 GC heap before
{Heap before GC invocations=1310 (full 1183):
 PSYoungGen      total 58880K, used 29262K [0x00000000f5580000, 0x00000000fb980000, 0x0000000100000000)
  eden space 26624K, 99% used [0x00000000f5580000,0x00000000f6f7fff8,0x00000000f6f80000)
  from space 32256K, 8% used [0x00000000f6f80000,0x00000000f7213ad0,0x00000000f8f00000)
  to   space 36352K, 0% used [0x00000000f9600000,0x00000000f9600000,0x00000000fb980000)
 ParOldGen       total 349696K, used 349694K [0x00000000e0000000, 0x00000000f5580000, 0x00000000f5580000)
  object space 349696K, 99% used [0x00000000e0000000,0x00000000f557fad0,0x00000000f5580000)
 Metaspace       used 55304K, committed 56128K, reserved 1105920K
  class space    used 5536K, committed 5888K, reserved 1048576K
}
Event: 1531.403 GC heap after
{Heap after GC invocations=1310 (full 1183):
 PSYoungGen      total 58880K, used 29262K [0x00000000f5580000, 0x00000000fb980000, 0x0000000100000000)
  eden space 26624K, 99% used [0x00000000f5580000,0x00000000f6f7fff8,0x00000000f6f80000)
  from space 32256K, 8% used [0x00000000f6f80000,0x00000000f7213ad0,0x00000000f8f00000)
  to   space 36352K, 0% used [0x00000000f9600000,0x00000000f9600000,0x00000000fb980000)
 ParOldGen       total 349696K, used 349694K [0x00000000e0000000, 0x00000000f5580000, 0x00000000f5580000)
  object space 349696K, 99% used [0x00000000e0000000,0x00000000f557fab0,0x00000000f5580000)
 Metaspace       used 55304K, committed 56128K, reserved 1105920K
  class space    used 5536K, committed 5888K, reserved 1048576K
}
Event: 1531.404 GC heap before
{Heap before GC invocations=1311 (full 1184):
 PSYoungGen      total 58880K, used 29262K [0x00000000f5580000, 0x00000000fb980000, 0x0000000100000000)
  eden space 26624K, 99% used [0x00000000f5580000,0x00000000f6f7fff8,0x00000000f6f80000)
  from space 32256K, 8% used [0x00000000f6f80000,0x00000000f7213ad0,0x00000000f8f00000)
  to   space 36352K, 0% used [0x00000000f9600000,0x00000000f9600000,0x00000000fb980000)
 ParOldGen       total 349696K, used 349694K [0x00000000e0000000, 0x00000000f5580000, 0x00000000f5580000)
  object space 349696K, 99% used [0x00000000e0000000,0x00000000f557fab0,0x00000000f5580000)
 Metaspace       used 55304K, committed 56128K, reserved 1105920K
  class space    used 5536K, committed 5888K, reserved 1048576K
}
Event: 1532.709 GC heap after
{Heap after GC invocations=1311 (full 1184):
 PSYoungGen      total 58880K, used 29262K [0x00000000f5580000, 0x00000000fb980000, 0x0000000100000000)
  eden space 26624K, 99% used [0x00000000f5580000,0x00000000f6f7fff8,0x00000000f6f80000)
  from space 32256K, 8% used [0x00000000f6f80000,0x00000000f7213ad0,0x00000000f8f00000)
  to   space 36352K, 0% used [0x00000000f9600000,0x00000000f9600000,0x00000000fb980000)
 ParOldGen       total 349696K, used 349694K [0x00000000e0000000, 0x00000000f5580000, 0x00000000f5580000)
  object space 349696K, 99% used [0x00000000e0000000,0x00000000f557fab0,0x00000000f5580000)
 Metaspace       used 55304K, committed 56128K, reserved 1105920K
  class space    used 5536K, committed 5888K, reserved 1048576K
}

