# JRE version: OpenJDK Runtime Environment GraalVM CE 22.3.0 (17.0.5+8) (build 17.0.5+8-jvmci-22.3-b08)
# Java VM: OpenJDK 64-Bit Server VM GraalVM CE 22.3.0 (17.0.5+8-jvmci-22.3-b08, mixed mode, sharing, tiered, jvmci, jvmci compiler, compressed oops, compressed class ptrs, parallel gc, linux-amd64)
GC Precious Log:
 CPUs: 8 total, 1 available
 Memory: 1024M
 Large Page Support: Disabled
 NUMA Support: Disabled
 Compressed Oops: Enabled (32-bit)
 Alignments: Space 512K, Generation 512K, Heap 2M
 Heap Min Capacity: 100M
 Heap Initial Capacity: 100M
 Heap Max Capacity: 512M
 Pre-touch: Disabled
 Parallel Workers: 1
Heap:
 PSYoungGen      total 50176K, used 37375K [0x00000000f5580000, 0x00000000f9980000, 0x0000000100000000)
  eden space 37376K, 99% used [0x00000000f5580000,0x00000000f79ffff0,0x00000000f7a00000)
  from space 12800K, 0% used [0x00000000f8d00000,0x00000000f8d00000,0x00000000f9980000)
  to   space 14336K, 0% used [0x00000000f7a00000,0x00000000f7a00000,0x00000000f8800000)
 ParOldGen       total 349696K, used 349695K [0x00000000e0000000, 0x00000000f5580000, 0x00000000f5580000)
  object space 349696K, 99% used [0x00000000e0000000,0x00000000f557ff38,0x00000000f5580000)
 Metaspace       used 54798K, committed 55744K, reserved 1105920K
  class space    used 5484K, committed 5888K, reserved 1048576K
GC Heap History (20 events):
Event: 1398.053 GC heap before
{Heap before GC invocations=978 (full 864):
 PSYoungGen      total 50176K, used 37375K [0x00000000f5580000, 0x00000000f9980000, 0x0000000100000000)
  eden space 37376K, 99% used [0x00000000f5580000,0x00000000f79ffff8,0x00000000f7a00000)
  from space 12800K, 0% used [0x00000000f8d00000,0x00000000f8d00000,0x00000000f9980000)
  to   space 14336K, 0% used [0x00000000f7a00000,0x00000000f7a00000,0x00000000f8800000)
 ParOldGen       total 349696K, used 349695K [0x00000000e0000000, 0x00000000f5580000, 0x00000000f5580000)
  object space 349696K, 99% used [0x00000000e0000000,0x00000000f557fff0,0x00000000f5580000)
 Metaspace       used 54798K, committed 55744K, reserved 1105920K
  class space    used 5484K, committed 5888K, reserved 1048576K
}
Event: 1399.769 GC heap after
{Heap after GC invocations=978 (full 864):
 PSYoungGen      total 51712K, used 37375K [0x00000000f5580000, 0x00000000f9980000, 0x0000000100000000)
  eden space 37376K, 99% used [0x00000000f5580000,0x00000000f79fffe0,0x00000000f7a00000)
  from space 14336K, 0% used [0x00000000f7a00000,0x00000000f7a00000,0x00000000f8800000)
  to   space 12800K, 0% used [0x00000000f8d00000,0x00000000f8d00000,0x00000000f9980000)
 ParOldGen       total 349696K, used 349695K [0x00000000e0000000, 0x00000000f5580000, 0x00000000f5580000)
  object space 349696K, 99% used [0x00000000e0000000,0x00000000f557fee0,0x00000000f5580000)
 Metaspace       used 54798K, committed 55744K, reserved 1105920K
  class space    used 5484K, committed 5888K, reserved 1048576K
}
Event: 1399.772 GC heap before
{Heap before GC invocations=979 (full 865):
 PSYoungGen      total 51712K, used 37376K [0x00000000f5580000, 0x00000000f9980000, 0x0000000100000000)
  eden space 37376K, 100% used [0x00000000f5580000,0x00000000f7a00000,0x00000000f7a00000)
  from space 14336K, 0% used [0x00000000f7a00000,0x00000000f7a00000,0x00000000f8800000)
  to   space 12800K, 0% used [0x00000000f8d00000,0x00000000f8d00000,0x00000000f9980000)
 ParOldGen       total 349696K, used 349695K [0x00000000e0000000, 0x00000000f5580000, 0x00000000f5580000)
  object space 349696K, 99% used [0x00000000e0000000,0x00000000f557fee0,0x00000000f5580000)
 Metaspace       used 54798K, committed 55744K, reserved 1105920K
  class space    used 5484K, committed 5888K, reserved 1048576K
}
Event: 1401.736 GC heap after
{Heap after GC invocations=979 (full 865):
 PSYoungGen      total 50176K, used 37376K [0x00000000f5580000, 0x00000000f9980000, 0x0000000100000000)
  eden space 37376K, 100% used [0x00000000f5580000,0x00000000f7a00000,0x00000000f7a00000)
  from space 12800K, 0% used [0x00000000f8d00000,0x00000000f8d00000,0x00000000f9980000)
  to   space 14336K, 0% used [0x00000000f7a00000,0x00000000f7a00000,0x00000000f8800000)
 ParOldGen       total 349696K, used 349695K [0x00000000e0000000, 0x00000000f5580000, 0x00000000f5580000)
  object space 349696K, 99% used [0x00000000e0000000,0x00000000f557fee0,0x00000000f5580000)
 Metaspace       used 54798K, committed 55744K, reserved 1105920K
  class space    used 5484K, committed 5888K, reserved 1048576K
}
Event: 1401.785 GC heap before
{Heap before GC invocations=980 (full 866):
 PSYoungGen      total 50176K, used 37376K [0x00000000f5580000, 0x00000000f9980000, 0x0000000100000000)
  eden space 37376K, 100% used [0x00000000f5580000,0x00000000f7a00000,0x00000000f7a00000)
  from space 12800K, 0% used [0x00000000f8d00000,0x00000000f8d00000,0x00000000f9980000)
  to   space 14336K, 0% used [0x00000000f7a00000,0x00000000f7a00000,0x00000000f8800000)
 ParOldGen       total 349696K, used 349696K [0x00000000e0000000, 0x00000000f5580000, 0x00000000f5580000)
  object space 349696K, 100% used [0x00000000e0000000,0x00000000f5580000,0x00000000f5580000)
 Metaspace       used 54798K, committed 55744K, reserved 1105920K
  class space    used 5484K, committed 5888K, reserved 1048576K
}
Event: 1403.511 GC heap after
{Heap after GC invocations=980 (full 866):
 PSYoungGen      total 51712K, used 37376K [0x00000000f5580000, 0x00000000f9980000, 0x0000000100000000)
  eden space 37376K, 100% used [0x00000000f5580000,0x00000000f7a00000,0x00000000f7a00000)
  from space 14336K, 0% used [0x00000000f7a00000,0x00000000f7a00000,0x00000000f8800000)
  to   space 12800K, 0% used [0x00000000f8d00000,0x00000000f8d00000,0x00000000f9980000)
 ParOldGen       total 349696K, used 349696K [0x00000000e0000000, 0x00000000f5580000, 0x00000000f5580000)
  object space 349696K, 100% used [0x00000000e0000000,0x00000000f5580000,0x00000000f5580000)
 Metaspace       used 54798K, committed 55744K, reserved 1105920K
  class space    used 5484K, committed 5888K, reserved 1048576K
}
Event: 1403.511 GC heap before
{Heap before GC invocations=981 (full 867):
 PSYoungGen      total 51712K, used 37376K [0x00000000f5580000, 0x00000000f9980000, 0x0000000100000000)
  eden space 37376K, 100% used [0x00000000f5580000,0x00000000f7a00000,0x00000000f7a00000)
  from space 14336K, 0% used [0x00000000f7a00000,0x00000000f7a00000,0x00000000f8800000)
  to   space 12800K, 0% used [0x00000000f8d00000,0x00000000f8d00000,0x00000000f9980000)
 ParOldGen       total 349696K, used 349696K [0x00000000e0000000, 0x00000000f5580000, 0x00000000f5580000)
  object space 349696K, 100% used [0x00000000e0000000,0x00000000f5580000,0x00000000f5580000)
 Metaspace       used 54798K, committed 55744K, reserved 1105920K
  class space    used 5484K, committed 5888K, reserved 1048576K
}
Event: 1405.098 GC heap after
{Heap after GC invocations=981 (full 867):
 PSYoungGen      total 50176K, used 37376K [0x00000000f5580000, 0x00000000f9980000, 0x0000000100000000)
  eden space 37376K, 100% used [0x00000000f5580000,0x00000000f7a00000,0x00000000f7a00000)
  from space 12800K, 0% used [0x00000000f8d00000,0x00000000f8d00000,0x00000000f9980000)
  to   space 14336K, 0% used [0x00000000f7a00000,0x00000000f7a00000,0x00000000f8800000)
 ParOldGen       total 349696K, used 349696K [0x00000000e0000000, 0x00000000f5580000, 0x00000000f5580000)
  object space 349696K, 100% used [0x00000000e0000000,0x00000000f5580000,0x00000000f5580000)
 Metaspace       used 54798K, committed 55744K, reserved 1105920K
  class space    used 5484K, committed 5888K, reserved 1048576K
}
Event: 1405.098 GC heap before
{Heap before GC invocations=982 (full 868):
 PSYoungGen      total 50176K, used 37376K [0x00000000f5580000, 0x00000000f9980000, 0x0000000100000000)
  eden space 37376K, 100% used [0x00000000f5580000,0x00000000f7a00000,0x00000000f7a00000)
  from space 12800K, 0% used [0x00000000f8d00000,0x00000000f8d00000,0x00000000f9980000)
  to   space 14336K, 0% used [0x00000000f7a00000,0x00000000f7a00000,0x00000000f8800000)
 ParOldGen       total 349696K, used 349696K [0x00000000e0000000, 0x00000000f5580000, 0x00000000f5580000)
  object space 349696K, 100% used [0x00000000e0000000,0x00000000f5580000,0x00000000f5580000)
 Metaspace       used 54798K, committed 55744K, reserved 1105920K
  class space    used 5484K, committed 5888K, reserved 1048576K
}
Event: 1406.887 GC heap after
{Heap after GC invocations=982 (full 868):
 PSYoungGen      total 51712K, used 37376K [0x00000000f5580000, 0x00000000f9980000, 0x0000000100000000)
  eden space 37376K, 100% used [0x00000000f5580000,0x00000000f7a00000,0x00000000f7a00000)
  from space 14336K, 0% used [0x00000000f7a00000,0x00000000f7a00000,0x00000000f8800000)
  to   space 12800K, 0% used [0x00000000f8d00000,0x00000000f8d00000,0x00000000f9980000)
 ParOldGen       total 349696K, used 349694K [0x00000000e0000000, 0x00000000f5580000, 0x00000000f5580000)
  object space 349696K, 99% used [0x00000000e0000000,0x00000000f557fa60,0x00000000f5580000)
 Metaspace       used 54798K, committed 55744K, reserved 1105920K
  class space    used 5484K, committed 5888K, reserved 1048576K
}
Event: 1406.887 GC heap before
{Heap before GC invocations=983 (full 869):
 PSYoungGen      total 51712K, used 37376K [0x00000000f5580000, 0x00000000f9980000, 0x0000000100000000)
  eden space 37376K, 100% used [0x00000000f5580000,0x00000000f7a00000,0x00000000f7a00000)
  from space 14336K, 0% used [0x00000000f7a00000,0x00000000f7a00000,0x00000000f8800000)
  to   space 12800K, 0% used [0x00000000f8d00000,0x00000000f8d00000,0x00000000f9980000)
 ParOldGen       total 349696K, used 349695K [0x00000000e0000000, 0x00000000f5580000, 0x00000000f5580000)
  object space 349696K, 99% used [0x00000000e0000000,0x00000000f557ffc0,0x00000000f5580000)
 Metaspace       used 54798K, committed 55744K, reserved 1105920K
  class space    used 5484K, committed 5888K, reserved 1048576K
}
Event: 1408.510 GC heap after
{Heap after GC invocations=983 (full 869):
 PSYoungGen      total 50176K, used 37375K [0x00000000f5580000, 0x00000000f9980000, 0x0000000100000000)
  eden space 37376K, 99% used [0x00000000f5580000,0x00000000f79fffb8,0x00000000f7a00000)
  from space 12800K, 0% used [0x00000000f8d00000,0x00000000f8d00000,0x00000000f9980000)
  to   space 14336K, 0% used [0x00000000f7a00000,0x00000000f7a00000,0x00000000f8800000)
 ParOldGen       total 349696K, used 349695K [0x00000000e0000000, 0x00000000f5580000, 0x00000000f5580000)
  object space 349696K, 99% used [0x00000000e0000000,0x00000000f557fc98,0x00000000f5580000)
 Metaspace       used 54798K, committed 55744K, reserved 1105920K
  class space    used 5484K, committed 5888K, reserved 1048576K
}
Event: 1408.511 GC heap before
{Heap before GC invocations=984 (full 870):
 PSYoungGen      total 50176K, used 37376K [0x00000000f5580000, 0x00000000f9980000, 0x0000000100000000)
  eden space 37376K, 100% used [0x00000000f5580000,0x00000000f7a00000,0x00000000f7a00000)
  from space 12800K, 0% used [0x00000000f8d00000,0x00000000f8d00000,0x00000000f9980000)
  to   space 14336K, 0% used [0x00000000f7a00000,0x00000000f7a00000,0x00000000f8800000)
 ParOldGen       total 349696K, used 349695K [0x00000000e0000000, 0x00000000f5580000, 0x00000000f5580000)
  object space 349696K, 99% used [0x00000000e0000000,0x00000000f557ffe8,0x00000000f5580000)
 Metaspace       used 54798K, committed 55744K, reserved 1105920K
  class space    used 5484K, committed 5888K, reserved 1048576K
}
Event: 1409.913 GC heap after
{Heap after GC invocations=984 (full 870):
 PSYoungGen      total 51712K, used 37375K [0x00000000f5580000, 0x00000000f9980000, 0x0000000100000000)
  eden space 37376K, 99% used [0x00000000f5580000,0x00000000f79fffe8,0x00000000f7a00000)
  from space 14336K, 0% used [0x00000000f7a00000,0x00000000f7a00000,0x00000000f8800000)
  to   space 12800K, 0% used [0x00000000f8d00000,0x00000000f8d00000,0x00000000f9980000)
 ParOldGen       total 349696K, used 349694K [0x00000000e0000000, 0x00000000f5580000, 0x00000000f5580000)
  object space 349696K, 99% used [0x00000000e0000000,0x00000000f557fbe0,0x00000000f5580000)
 Metaspace       used 54798K, committed 55744K, reserved 1105920K
  class space    used 5484K, committed 5888K, reserved 1048576K
}
Event: 1409.914 GC heap before
{Heap before GC invocations=985 (full 871):
 PSYoungGen      total 51712K, used 37376K [0x00000000f5580000, 0x00000000f9980000, 0x0000000100000000)
  eden space 37376K, 100% used [0x00000000f5580000,0x00000000f7a00000,0x00000000f7a00000)
  from space 14336K, 0% used [0x00000000f7a00000,0x00000000f7a00000,0x00000000f8800000)
  to   space 12800K, 0% used [0x00000000f8d00000,0x00000000f8d00000,0x00000000f9980000)
 ParOldGen       total 349696K, used 349695K [0x00000000e0000000, 0x00000000f5580000, 0x00000000f5580000)
  object space 349696K, 99% used [0x00000000e0000000,0x00000000f557fef0,0x00000000f5580000)
 Metaspace       used 54798K, committed 55744K, reserved 1105920K
  class space    used 5484K, committed 5888K, reserved 1048576K
}
Event: 1411.429 GC heap after
{Heap after GC invocations=985 (full 871):
 PSYoungGen      total 50176K, used 37375K [0x00000000f5580000, 0x00000000f9980000, 0x0000000100000000)
  eden space 37376K, 99% used [0x00000000f5580000,0x00000000f79fffd0,0x00000000f7a00000)
  from space 12800K, 0% used [0x00000000f8d00000,0x00000000f8d00000,0x00000000f9980000)
  to   space 14336K, 0% used [0x00000000f7a00000,0x00000000f7a00000,0x00000000f8800000)
 ParOldGen       total 349696K, used 349694K [0x00000000e0000000, 0x00000000f5580000, 0x00000000f5580000)
  object space 349696K, 99% used [0x00000000e0000000,0x00000000f557fbe8,0x00000000f5580000)
 Metaspace       used 54798K, committed 55744K, reserved 1105920K
  class space    used 5484K, committed 5888K, reserved 1048576K
}
Event: 1411.429 GC heap before
{Heap before GC invocations=986 (full 872):
 PSYoungGen      total 50176K, used 37375K [0x00000000f5580000, 0x00000000f9980000, 0x0000000100000000)
  eden space 37376K, 99% used [0x00000000f5580000,0x00000000f79ffff8,0x00000000f7a00000)
  from space 12800K, 0% used [0x00000000f8d00000,0x00000000f8d00000,0x00000000f9980000)
  to   space 14336K, 0% used [0x00000000f7a00000,0x00000000f7a00000,0x00000000f8800000)
 ParOldGen       total 349696K, used 349695K [0x00000000e0000000, 0x00000000f5580000, 0x00000000f5580000)
  object space 349696K, 99% used [0x00000000e0000000,0x00000000f557fef8,0x00000000f5580000)
 Metaspace       used 54798K, committed 55744K, reserved 1105920K
  class space    used 5484K, committed 5888K, reserved 1048576K
}
Event: 1412.913 GC heap after
{Heap after GC invocations=986 (full 872):
 PSYoungGen      total 51712K, used 37375K [0x00000000f5580000, 0x00000000f9980000, 0x0000000100000000)
  eden space 37376K, 99% used [0x00000000f5580000,0x00000000f79fffb8,0x00000000f7a00000)
  from space 14336K, 0% used [0x00000000f7a00000,0x00000000f7a00000,0x00000000f8800000)
  to   space 12800K, 0% used [0x00000000f8d00000,0x00000000f8d00000,0x00000000f9980000)
 ParOldGen       total 349696K, used 349694K [0x00000000e0000000, 0x00000000f5580000, 0x00000000f5580000)
  object space 349696K, 99% used [0x00000000e0000000,0x00000000f557fac0,0x00000000f5580000)
 Metaspace       used 54798K, committed 55744K, reserved 1105920K
  class space    used 5484K, committed 5888K, reserved 1048576K
}
Event: 1412.913 GC heap before
{Heap before GC invocations=987 (full 873):
 PSYoungGen      total 51712K, used 37375K [0x00000000f5580000, 0x00000000f9980000, 0x0000000100000000)
  eden space 37376K, 99% used [0x00000000f5580000,0x00000000f79fffb8,0x00000000f7a00000)
  from space 14336K, 0% used [0x00000000f7a00000,0x00000000f7a00000,0x00000000f8800000)
  to   space 12800K, 0% used [0x00000000f8d00000,0x00000000f8d00000,0x00000000f9980000)
 ParOldGen       total 349696K, used 349694K [0x00000000e0000000, 0x00000000f5580000, 0x00000000f5580000)
  object space 349696K, 99% used [0x00000000e0000000,0x00000000f557fac0,0x00000000f5580000)
 Metaspace       used 54798K, committed 55744K, reserved 1105920K
  class space    used 5484K, committed 5888K, reserved 1048576K
}
Event: 1414.403 GC heap after
{Heap after GC invocations=987 (full 873):
 PSYoungGen      total 50176K, used 37375K [0x00000000f5580000, 0x00000000f9980000, 0x0000000100000000)
  eden space 37376K, 99% used [0x00000000f5580000,0x00000000f79fffb8,0x00000000f7a00000)
  from space 12800K, 0% used [0x00000000f8d00000,0x00000000f8d00000,0x00000000f9980000)
  to   space 14336K, 0% used [0x00000000f7a00000,0x00000000f7a00000,0x00000000f8800000)
 ParOldGen       total 349696K, used 349694K [0x00000000e0000000, 0x00000000f5580000, 0x00000000f5580000)
  object space 349696K, 99% used [0x00000000e0000000,0x00000000f557fac0,0x00000000f5580000)
 Metaspace       used 54798K, committed 55744K, reserved 1105920K
  class space    used 5484K, committed 5888K, reserved 1048576K
}

